<testsuites id="" name="" tests="5" failures="1" skipped="4" errors="0" time="8.734853999999999">
<testsuite name="health-vaccinations.spec.ts" timestamp="2025-09-16T06:00:52.700Z" hostname="chromium" tests="5" failures="1" skipped="4" time="2.375" errors="0">
<testcase name="Health&amp;Vaccinations Directory › should add a doctor" classname="health-vaccinations.spec.ts" time="2.375">
<failure message="health-vaccinations.spec.ts:17:9 should add a doctor" type="FAILURE">
<![CDATA[  [chromium] › health-vaccinations.spec.ts:17:9 › Health&Vaccinations Directory › should add a doctor 

    Error: page.goto: net::ERR_NAME_NOT_RESOLVED at https://farmdigits.outscalers.comm/
    Call log:
      - navigating to "https://farmdigits.outscalers.comm/", waiting until "load"


       at ..\src\utils\common-utils.ts:197

      195 |   async navigateTo(url: string): Promise<void> {
      196 |     this.logger.logStep(`Navigating to: ${url}`);
    > 197 |     await this.page.goto(url);
          |                     ^
      198 |     await this.waitForPageLoad();
      199 |   }
      200 |
        at CommonUtils.navigateTo (C:\Users\LENOVO\Desktop\Farm_Digit Automation Testing\src\utils\common-utils.ts:197:21)
        at LoginPage.clickLoginButton (C:\Users\LENOVO\Desktop\Farm_Digit Automation Testing\src\pages\login-page.ts:21:22)
        at C:\Users\LENOVO\Desktop\Farm_Digit Automation Testing\tests\health-vaccinations.spec.ts:12:21

    attachment #1: screenshot (image/png) ──────────────────────────────────────────────────────────
    ..\reports\current\test-results\health-vaccinations-Health-cba79-rectory-should-add-a-doctor-chromium\test-failed-1.png
    ────────────────────────────────────────────────────────────────────────────────────────────────

    attachment #2: video (video/webm) ──────────────────────────────────────────────────────────────
    ..\reports\current\test-results\health-vaccinations-Health-cba79-rectory-should-add-a-doctor-chromium\video.webm
    ────────────────────────────────────────────────────────────────────────────────────────────────

    Error Context: ..\reports\current\test-results\health-vaccinations-Health-cba79-rectory-should-add-a-doctor-chromium\error-context.md

    Retry #1 ───────────────────────────────────────────────────────────────────────────────────────

    Error: page.goto: net::ERR_NAME_NOT_RESOLVED at https://farmdigits.outscalers.comm/
    Call log:
      - navigating to "https://farmdigits.outscalers.comm/", waiting until "load"


       at ..\src\utils\common-utils.ts:197

      195 |   async navigateTo(url: string): Promise<void> {
      196 |     this.logger.logStep(`Navigating to: ${url}`);
    > 197 |     await this.page.goto(url);
          |                     ^
      198 |     await this.waitForPageLoad();
      199 |   }
      200 |
        at CommonUtils.navigateTo (C:\Users\LENOVO\Desktop\Farm_Digit Automation Testing\src\utils\common-utils.ts:197:21)
        at LoginPage.clickLoginButton (C:\Users\LENOVO\Desktop\Farm_Digit Automation Testing\src\pages\login-page.ts:21:22)
        at C:\Users\LENOVO\Desktop\Farm_Digit Automation Testing\tests\health-vaccinations.spec.ts:12:21

    attachment #1: screenshot (image/png) ──────────────────────────────────────────────────────────
    ..\reports\current\test-results\health-vaccinations-Health-cba79-rectory-should-add-a-doctor-chromium-retry1\test-failed-1.png
    ────────────────────────────────────────────────────────────────────────────────────────────────

    attachment #2: video (video/webm) ──────────────────────────────────────────────────────────────
    ..\reports\current\test-results\health-vaccinations-Health-cba79-rectory-should-add-a-doctor-chromium-retry1\video.webm
    ────────────────────────────────────────────────────────────────────────────────────────────────

    Error Context: ..\reports\current\test-results\health-vaccinations-Health-cba79-rectory-should-add-a-doctor-chromium-retry1\error-context.md

    attachment #4: trace (application/zip) ─────────────────────────────────────────────────────────
    ..\reports\current\test-results\health-vaccinations-Health-cba79-rectory-should-add-a-doctor-chromium-retry1\trace.zip
    Usage:

        npx playwright show-trace ..\reports\current\test-results\health-vaccinations-Health-cba79-rectory-should-add-a-doctor-chromium-retry1\trace.zip

    ────────────────────────────────────────────────────────────────────────────────────────────────
]]>
</failure>
<system-out>
<![CDATA[11:00:55 [[32minfo[39m] [CommonUtils]: STEP: Navigating to: https://farmdigits.outscalers.comm/ 

[[ATTACHMENT|test-results\health-vaccinations-Health-cba79-rectory-should-add-a-doctor-chromium\test-failed-1.png]]

[[ATTACHMENT|test-results\health-vaccinations-Health-cba79-rectory-should-add-a-doctor-chromium\video.webm]]

[[ATTACHMENT|test-results\health-vaccinations-Health-cba79-rectory-should-add-a-doctor-chromium\error-context.md]]
11:00:59 [[32minfo[39m] [CommonUtils]: STEP: Navigating to: https://farmdigits.outscalers.comm/ 

[[ATTACHMENT|test-results\health-vaccinations-Health-cba79-rectory-should-add-a-doctor-chromium-retry1\test-failed-1.png]]

[[ATTACHMENT|test-results\health-vaccinations-Health-cba79-rectory-should-add-a-doctor-chromium-retry1\video.webm]]

[[ATTACHMENT|test-results\health-vaccinations-Health-cba79-rectory-should-add-a-doctor-chromium-retry1\error-context.md]]

[[ATTACHMENT|test-results\health-vaccinations-Health-cba79-rectory-should-add-a-doctor-chromium-retry1\trace.zip]]
]]>
</system-out>
</testcase>
<testcase name="Health&amp;Vaccinations Directory › should filter table results by search term" classname="health-vaccinations.spec.ts" time="0">
<skipped>
</skipped>
</testcase>
<testcase name="Health&amp;Vaccinations Directory › should delete searched veterinarian" classname="health-vaccinations.spec.ts" time="0">
<skipped>
</skipped>
</testcase>
<testcase name="Health&amp;Vaccinations Directory › should add a vaccine" classname="health-vaccinations.spec.ts" time="0">
<skipped>
</skipped>
</testcase>
<testcase name="Health&amp;Vaccinations Directory › Add Health Record:" classname="health-vaccinations.spec.ts" time="0">
<skipped>
</skipped>
</testcase>
</testsuite>
</testsuites>